\BOOKMARK [0][-]{chapter.1}{\376\377\000I\000n\000t\000r\000o\000d\000u\000c\000t\000i\000o\000n}{}% 1
\BOOKMARK [0][-]{chapter.2}{\376\377\000B\000a\000c\000k\000g\000r\000o\000u\000n\000d}{}% 2
\BOOKMARK [1][-]{section.2.1}{\376\377\000D\000N\000A\000\040\000m\000e\000t\000h\000y\000l\000a\000t\000i\000o\000n}{chapter.2}% 3
\BOOKMARK [1][-]{section.2.2}{\376\377\000F\000o\000u\000n\000d\000a\000t\000i\000o\000n\000s\000\040\000o\000f\000\040\000s\000t\000a\000t\000i\000s\000t\000i\000c\000s}{chapter.2}% 4
\BOOKMARK [1][-]{section.2.3}{\376\377\000M\000a\000r\000k\000o\000v\000\040\000m\000o\000d\000e\000l\000s}{chapter.2}% 5
\BOOKMARK [1][-]{section.2.4}{\376\377\000B\000a\000y\000e\000s\000i\000a\000n\000\040\000s\000t\000a\000t\000i\000s\000t\000i\000c\000s}{chapter.2}% 6
\BOOKMARK [1][-]{section.2.5}{\376\377\000P\000r\000o\000b\000l\000e\000m}{chapter.2}% 7
\BOOKMARK [1][-]{section.2.6}{\376\377\000R\000e\000l\000a\000t\000e\000d\000\040\000w\000o\000r\000k}{chapter.2}% 8
\BOOKMARK [0][-]{chapter.3}{\376\377\000M\000e\000t\000h\000o\000d\000s}{}% 9
\BOOKMARK [1][-]{section.3.1}{\376\377\000M\000o\000d\000e\000l}{chapter.3}% 10
\BOOKMARK [1][-]{section.3.2}{\376\377\000S\000i\000m\000u\000l\000a\000t\000i\000o\000n}{chapter.3}% 11
\BOOKMARK [1][-]{section.3.3}{\376\377\000M\000a\000x\000i\000m\000u\000m\000\040\000L\000i\000k\000e\000l\000i\000h\000o\000o\000d\000\040\000E\000s\000t\000i\000m\000a\000t\000i\000o\000n}{chapter.3}% 12
\BOOKMARK [1][-]{section.3.4}{\376\377\000A\000p\000p\000r\000o\000x\000i\000m\000a\000t\000i\000v\000e\000\040\000B\000a\000y\000e\000s\000i\000a\000n\000\040\000C\000o\000m\000p\000u\000t\000a\000t\000i\000o\000n}{chapter.3}% 13
\BOOKMARK [0][-]{chapter.4}{\376\377\000R\000e\000s\000u\000l\000t\000s}{}% 14
\BOOKMARK [1][-]{section.4.1}{\376\377\000M\000a\000x\000i\000m\000u\000m\000\040\000L\000i\000k\000e\000l\000i\000h\000o\000o\000d\000\040\000E\000s\000t\000i\000m\000a\000t\000i\000o\000n}{chapter.4}% 15
\BOOKMARK [2][-]{subsection.4.1.1}{\376\377\000m\000S\000a\000t}{section.4.1}% 16
\BOOKMARK [2][-]{subsection.4.1.2}{\376\377\000A\000f\000p}{section.4.1}% 17
\BOOKMARK [2][-]{subsection.4.1.3}{\376\377\000I\000A\000P}{section.4.1}% 18
\BOOKMARK [2][-]{subsection.4.1.4}{\376\377\000W\000T}{section.4.1}% 19
\BOOKMARK [1][-]{section.4.2}{\376\377\000A\000p\000p\000r\000o\000x\000i\000m\000a\000t\000i\000v\000e\000\040\000B\000a\000y\000e\000s\000i\000a\000n\000\040\000C\000o\000m\000p\000u\000t\000a\000t\000i\000o\000n}{chapter.4}% 20
\BOOKMARK [0][-]{chapter.5}{\376\377\000C\000o\000n\000c\000l\000u\000s\000i\000o\000n\000s}{}% 21
\BOOKMARK [0][-]{appendix.A}{\376\377\000R\000e\000g\000u\000l\000a\000t\000i\000o\000n}{}% 22
\BOOKMARK [0][-]{appendix.A}{\376\377\000B\000i\000b\000l\000i\000o\000g\000r\000a\000p\000h\000y}{}% 23
