This is pdfTeX, Version 3.14159265-2.6-1.40.18 (MiKTeX 2.9.6350 64-bit) (preloaded format=pdflatex 2017.7.2)  2 AUG 2017 21:19
entering extended mode
**./thesis.tex
(thesis.tex
LaTeX2e <2017-04-15>
Babel <3.10> and hyphenation patterns for 75 language(s) loaded.
(D:\Programme\miktex\tex\latex\base\book.cls
Document Class: book 2014/09/29 v1.4h Standard LaTeX document class
(D:\Programme\miktex\tex\latex\base\bk10.clo
File: bk10.clo 2014/09/29 v1.4h Standard LaTeX file (size option)
)
\c@part=\count79
\c@chapter=\count80
\c@section=\count81
\c@subsection=\count82
\c@subsubsection=\count83
\c@paragraph=\count84
\c@subparagraph=\count85
\c@figure=\count86
\c@table=\count87
\abovecaptionskip=\skip41
\belowcaptionskip=\skip42
\bibindent=\dimen102
)
(D:\Programme\miktex\tex\generic\babel\babel.sty
Package: babel 2017/05/19 3.10 The Babel package

*************************************
* Local config file bblopts.cfg used
*
(D:\Programme\miktex\tex\latex\arabi\bblopts.cfg
File: bblopts.cfg 2005/09/08 v0.1 add Arabic and Farsi to "declared" options of
 babel
)
(D:\Programme\miktex\tex\latex\babel-english\british.ldf
Language: british 2017/01/24 v3.3q English support from the babel system

(D:\Programme\miktex\tex\latex\babel-english\english.ldf
Language: english 2017/01/24 v3.3q English support from the babel system

(D:\Programme\miktex\tex\generic\babel\babel.def
File: babel.def 2017/05/19 3.10 Babel common definitions
\babel@savecnt=\count88
\U@D=\dimen103
)
\l@canadian = a dialect from \language\l@american 
\l@australian = a dialect from \language\l@british 
\l@newzealand = a dialect from \language\l@british 
)))
(D:\Programme\miktex\tex\latex\textgreek\textgreek.sty
Package: textgreek 2011/10/09 v0.7 Greek symbols in text
Package textgreek Info: Loading the definitions for the Greek fontencoding. on 
input line 39.

(D:\Programme\miktex\tex\latex\greek-fontenc\lgrenc.def
File: lgrenc.def 2015/12/07 v0.13.1 LGR Greek font encoding definitions

(D:\Programme\miktex\tex\latex\greek-fontenc\greek-fontenc.def
File: greek-fontenc.def 2015/08/04 v0.13 Common Greek font encoding definitions

))
Package textgreek Info: Loaded fontmap: {phv/*/*}{U/psy/*/*} {*/bx/n}{U/eur/b/n
} {*/b/n}{U/eur/b/n} {*/*/n}{U/eur/m/n} {*/*/it}{OML/*/*/*}. on input line 69.
)
(D:\Programme\miktex\tex\latex\graphics\graphicx.sty
Package: graphicx 2014/10/28 v1.0g Enhanced LaTeX Graphics (DPC,SPQR)

(D:\Programme\miktex\tex\latex\graphics\keyval.sty
Package: keyval 2014/10/28 v1.15 key=value parser (DPC)
\KV@toks@=\toks14
)
(D:\Programme\miktex\tex\latex\graphics\graphics.sty
Package: graphics 2017/04/14 v1.1b Standard LaTeX Graphics (DPC,SPQR)

(D:\Programme\miktex\tex\latex\graphics\trig.sty
Package: trig 2016/01/03 v1.10 sin cos tan (DPC)
)
(D:\Programme\miktex\tex\latex\graphics-cfg\graphics.cfg
File: graphics.cfg 2016/06/04 v1.11 sample graphics configuration
)
Package graphics Info: Driver file: pdftex.def on input line 99.

(D:\Programme\miktex\tex\latex\graphics-def\pdftex.def
File: pdftex.def 2017/01/12 v0.06k Graphics/color for pdfTeX

(D:\Programme\miktex\tex\generic\oberdiek\infwarerr.sty
Package: infwarerr 2016/05/16 v1.4 Providing info/warning/error messages (HO)
)
(D:\Programme\miktex\tex\generic\oberdiek\ltxcmds.sty
Package: ltxcmds 2016/05/16 v1.23 LaTeX kernel commands for general use (HO)
)
\Gread@gobject=\count89
))
\Gin@req@height=\dimen104
\Gin@req@width=\dimen105
)
(D:\Programme\miktex\tex\latex\graphics\rotating.sty
Package: rotating 2016/08/11 v2.16d rotated objects in LaTeX

(D:\Programme\miktex\tex\latex\base\ifthen.sty
Package: ifthen 2014/09/29 v1.1c Standard LaTeX ifthen package (DPC)
)
\c@r@tfl@t=\count90
\rotFPtop=\skip43
\rotFPbot=\skip44
\rot@float@box=\box26
\rot@mess@toks=\toks15
)
(D:\Programme\miktex\tex\latex\graphics\lscape.sty
Package: lscape 2000/10/22 v3.01 Landscape Pages (DPC)
)
(D:\Programme\miktex\tex\latex\oberdiek\pdflscape.sty
Package: pdflscape 2016/05/14 v0.11 Display of landscape pages in PDF (HO)

(D:\Programme\miktex\tex\generic\oberdiek\ifpdf.sty
Package: ifpdf 2017/03/15 v3.2 Provides the ifpdf switch
)
Package pdflscape Info: Auto-detected driver: pdftex on input line 81.

(D:\Programme\miktex\tex\generic\ifxetex\ifxetex.sty
Package: ifxetex 2010/09/12 v0.6 Provides ifxetex conditional
))
(D:\Programme\miktex\tex\latex\graphics\color.sty
Package: color 2016/07/10 v1.1e Standard LaTeX Color (DPC)

(D:\Programme\miktex\tex\latex\graphics-cfg\color.cfg
File: color.cfg 2016/01/02 v1.6 sample color configuration
)
Package color Info: Driver file: pdftex.def on input line 147.

(D:\Programme\miktex\tex\latex\graphics\dvipsnam.def
File: dvipsnam.def 2016/06/17 v3.0m Driver-dependent file (DPC,SPQR)
))
(D:\Programme\miktex\tex\latex\floatflt\floatflt.sty
Package: floatflt 1997/07/16 v. 1.31
\c@OptionTest=\count91
\figbox=\box27
\tabbox=\box28
\pagebox=\box29
\ffigcount=\count92
\ftabcount=\count93
\fftest=\count94
\hangcount=\count95
\nosuccesstryfig=\count96
\nosuccesstrytab=\count97
\figgutter=\dimen106
\tabgutter=\dimen107
\htdone=\dimen108
\pageht=\dimen109
\startpageht=\dimen110
\tabbredd=\dimen111
\floatfltwidth=\dimen112
\fltitemwidth=\dimen113
\outputpretest=\toks16
)
(D:\Programme\miktex\tex\latex\wrapfig\wrapfig.sty
\wrapoverhang=\dimen114
\WF@size=\dimen115
\c@WF@wrappedlines=\count98
\WF@box=\box30
\WF@everypar=\toks17
Package: wrapfig 2003/01/31  v 3.6
)
(D:\Programme\miktex\tex\latex\caption\caption.sty
Package: caption 2016/02/21 v3.3-144 Customizing captions (AR)

(D:\Programme\miktex\tex\latex\caption\caption3.sty
Package: caption3 2016/05/22 v1.7-166 caption3 kernel (AR)
Package caption3 Info: TeX engine: e-TeX on input line 67.
\captionmargin=\dimen116
\captionmargin@=\dimen117
\captionwidth=\dimen118
\caption@tempdima=\dimen119
\caption@indent=\dimen120
\caption@parindent=\dimen121
\caption@hangindent=\dimen122
)
\c@ContinuedFloat=\count99
Package caption Info: floatflt package is loaded.
Package caption Info: rotating package is loaded.
Package caption Info: wrapfig package is loaded.
)
(D:\Programme\miktex\tex\latex\colortbl\colortbl.sty
Package: colortbl 2012/02/13 v1.0a Color table columns (DPC)

(D:\Programme\miktex\tex\latex\tools\array.sty
Package: array 2016/10/06 v2.4d Tabular extension package (FMi)
\col@sep=\dimen123
\extrarowheight=\dimen124
\NC@list=\toks18
\extratabsurround=\skip45
\backup@length=\skip46
)
\everycr=\toks19
\minrowclearance=\skip47
)
(D:\Programme\miktex\tex\latex\base\textcomp.sty
Package: textcomp 2017/04/05 v2.0i Standard LaTeX package
Package textcomp Info: Sub-encoding information:
(textcomp)               5 = only ISO-Adobe without \textcurrency
(textcomp)               4 = 5 + \texteuro
(textcomp)               3 = 4 + \textohm
(textcomp)               2 = 3 + \textestimated + \textcurrency
(textcomp)               1 = TS1 - \textcircled - \t
(textcomp)               0 = TS1 (full)
(textcomp)             Font families with sub-encoding setting implement
(textcomp)             only a restricted character set as indicated.
(textcomp)             Family '?' is the default used for unknown fonts.
(textcomp)             See the documentation for details.
Package textcomp Info: Setting ? sub-encoding to TS1/1 on input line 79.

(D:\Programme\miktex\tex\latex\base\ts1enc.def
File: ts1enc.def 2001/06/05 v3.0e (jk/car/fm) Standard LaTeX file
)
LaTeX Info: Redefining \oldstylenums on input line 334.
Package textcomp Info: Setting cmr sub-encoding to TS1/0 on input line 349.
Package textcomp Info: Setting cmss sub-encoding to TS1/0 on input line 350.
Package textcomp Info: Setting cmtt sub-encoding to TS1/0 on input line 351.
Package textcomp Info: Setting cmvtt sub-encoding to TS1/0 on input line 352.
Package textcomp Info: Setting cmbr sub-encoding to TS1/0 on input line 353.
Package textcomp Info: Setting cmtl sub-encoding to TS1/0 on input line 354.
Package textcomp Info: Setting ccr sub-encoding to TS1/0 on input line 355.
Package textcomp Info: Setting ptm sub-encoding to TS1/4 on input line 356.
Package textcomp Info: Setting pcr sub-encoding to TS1/4 on input line 357.
Package textcomp Info: Setting phv sub-encoding to TS1/4 on input line 358.
Package textcomp Info: Setting ppl sub-encoding to TS1/3 on input line 359.
Package textcomp Info: Setting pag sub-encoding to TS1/4 on input line 360.
Package textcomp Info: Setting pbk sub-encoding to TS1/4 on input line 361.
Package textcomp Info: Setting pnc sub-encoding to TS1/4 on input line 362.
Package textcomp Info: Setting pzc sub-encoding to TS1/4 on input line 363.
Package textcomp Info: Setting bch sub-encoding to TS1/4 on input line 364.
Package textcomp Info: Setting put sub-encoding to TS1/5 on input line 365.
Package textcomp Info: Setting uag sub-encoding to TS1/5 on input line 366.
Package textcomp Info: Setting ugq sub-encoding to TS1/5 on input line 367.
Package textcomp Info: Setting ul8 sub-encoding to TS1/4 on input line 368.
Package textcomp Info: Setting ul9 sub-encoding to TS1/4 on input line 369.
Package textcomp Info: Setting augie sub-encoding to TS1/5 on input line 370.
Package textcomp Info: Setting dayrom sub-encoding to TS1/3 on input line 371.
Package textcomp Info: Setting dayroms sub-encoding to TS1/3 on input line 372.

Package textcomp Info: Setting pxr sub-encoding to TS1/0 on input line 373.
Package textcomp Info: Setting pxss sub-encoding to TS1/0 on input line 374.
Package textcomp Info: Setting pxtt sub-encoding to TS1/0 on input line 375.
Package textcomp Info: Setting txr sub-encoding to TS1/0 on input line 376.
Package textcomp Info: Setting txss sub-encoding to TS1/0 on input line 377.
Package textcomp Info: Setting txtt sub-encoding to TS1/0 on input line 378.
Package textcomp Info: Setting lmr sub-encoding to TS1/0 on input line 379.
Package textcomp Info: Setting lmdh sub-encoding to TS1/0 on input line 380.
Package textcomp Info: Setting lmss sub-encoding to TS1/0 on input line 381.
Package textcomp Info: Setting lmssq sub-encoding to TS1/0 on input line 382.
Package textcomp Info: Setting lmvtt sub-encoding to TS1/0 on input line 383.
Package textcomp Info: Setting lmtt sub-encoding to TS1/0 on input line 384.
Package textcomp Info: Setting qhv sub-encoding to TS1/0 on input line 385.
Package textcomp Info: Setting qag sub-encoding to TS1/0 on input line 386.
Package textcomp Info: Setting qbk sub-encoding to TS1/0 on input line 387.
Package textcomp Info: Setting qcr sub-encoding to TS1/0 on input line 388.
Package textcomp Info: Setting qcs sub-encoding to TS1/0 on input line 389.
Package textcomp Info: Setting qpl sub-encoding to TS1/0 on input line 390.
Package textcomp Info: Setting qtm sub-encoding to TS1/0 on input line 391.
Package textcomp Info: Setting qzc sub-encoding to TS1/0 on input line 392.
Package textcomp Info: Setting qhvc sub-encoding to TS1/0 on input line 393.
Package textcomp Info: Setting futs sub-encoding to TS1/4 on input line 394.
Package textcomp Info: Setting futx sub-encoding to TS1/4 on input line 395.
Package textcomp Info: Setting futj sub-encoding to TS1/4 on input line 396.
Package textcomp Info: Setting hlh sub-encoding to TS1/3 on input line 397.
Package textcomp Info: Setting hls sub-encoding to TS1/3 on input line 398.
Package textcomp Info: Setting hlst sub-encoding to TS1/3 on input line 399.
Package textcomp Info: Setting hlct sub-encoding to TS1/5 on input line 400.
Package textcomp Info: Setting hlx sub-encoding to TS1/5 on input line 401.
Package textcomp Info: Setting hlce sub-encoding to TS1/5 on input line 402.
Package textcomp Info: Setting hlcn sub-encoding to TS1/5 on input line 403.
Package textcomp Info: Setting hlcw sub-encoding to TS1/5 on input line 404.
Package textcomp Info: Setting hlcf sub-encoding to TS1/5 on input line 405.
Package textcomp Info: Setting pplx sub-encoding to TS1/3 on input line 406.
Package textcomp Info: Setting pplj sub-encoding to TS1/3 on input line 407.
Package textcomp Info: Setting ptmx sub-encoding to TS1/4 on input line 408.
Package textcomp Info: Setting ptmj sub-encoding to TS1/4 on input line 409.
)
(D:\Programme\miktex\tex\latex\multirow\multirow.sty
Package: multirow 2016/11/25 v2.2 Span multiple rows of a table
\multirow@colwidth=\skip48
\multirow@cntb=\count100
\multirow@dima=\skip49
\bigstrutjot=\dimen125
)
(D:\Programme\miktex\tex\latex\tools\multicol.sty
Package: multicol 2017/04/11 v1.8q multicolumn formatting (FMi)
\c@tracingmulticols=\count101
\mult@box=\box31
\multicol@leftmargin=\dimen126
\c@unbalance=\count102
\c@collectmore=\count103
\doublecol@number=\count104
\multicoltolerance=\count105
\multicolpretolerance=\count106
\full@width=\dimen127
\page@free=\dimen128
\premulticols=\dimen129
\postmulticols=\dimen130
\multicolsep=\skip50
\multicolbaselineskip=\skip51
\partial@page=\box32
\last@line=\box33
\maxbalancingoverflow=\dimen131
\mult@rightbox=\box34
\mult@grightbox=\box35
\mult@gfirstbox=\box36
\mult@firstbox=\box37
\@tempa=\box38
\@tempa=\box39
\@tempa=\box40
\@tempa=\box41
\@tempa=\box42
\@tempa=\box43
\@tempa=\box44
\@tempa=\box45
\@tempa=\box46
\@tempa=\box47
\@tempa=\box48
\@tempa=\box49
\@tempa=\box50
\@tempa=\box51
\@tempa=\box52
\@tempa=\box53
\@tempa=\box54
\c@columnbadness=\count107
\c@finalcolumnbadness=\count108
\last@try=\dimen132
\multicolovershoot=\dimen133
\multicolundershoot=\dimen134
\mult@nat@firstbox=\box55
\colbreak@box=\box56
\mc@col@check@num=\count109
)
(D:\Programme\miktex\tex\latex\tools\tabularx.sty
Package: tabularx 2016/02/03 v2.11 `tabularx' package (DPC)
\TX@col@width=\dimen135
\TX@old@table=\dimen136
\TX@old@col=\dimen137
\TX@target=\dimen138
\TX@delta=\dimen139
\TX@cols=\count110
\TX@ftn=\toks20
)
(D:\Programme\miktex\tex\latex\tools\longtable.sty
Package: longtable 2014/10/28 v4.11 Multi-page Table package (DPC)
\LTleft=\skip52
\LTright=\skip53
\LTpre=\skip54
\LTpost=\skip55
\LTchunksize=\count111
\LTcapwidth=\dimen140
\LT@head=\box57
\LT@firsthead=\box58
\LT@foot=\box59
\LT@lastfoot=\box60
\LT@cols=\count112
\LT@rows=\count113
\c@LT@tables=\count114
\c@LT@chunks=\count115
\LT@p@ftn=\toks21
)
(D:\Programme\miktex\tex\latex\carlisle\ltxtable.sty
Package: ltxtable 1995/12/11 v0.2 longtable/tabularx merge (DPC)
)
(D:\Programme\miktex\tex\latex\threeparttable\threeparttable.sty
Package: threeparttable 2003/06/13  v 3.0
\@tempboxb=\box61
)
(D:\Programme\miktex\tex\latex\booktabs\booktabs.sty
Package: booktabs 2005/04/14 v1.61803 publication quality tables
\heavyrulewidth=\dimen141
\lightrulewidth=\dimen142
\cmidrulewidth=\dimen143
\belowrulesep=\dimen144
\belowbottomsep=\dimen145
\aboverulesep=\dimen146
\abovetopsep=\dimen147
\cmidrulesep=\dimen148
\cmidrulekern=\dimen149
\defaultaddspace=\dimen150
\@cmidla=\count116
\@cmidlb=\count117
\@aboverulesep=\dimen151
\@belowrulesep=\dimen152
\@thisruleclass=\count118
\@lastruleclass=\count119
\@thisrulewidth=\dimen153
)
(D:\Programme\miktex\tex\latex\amsmath\amsmath.sty
Package: amsmath 2016/11/05 v2.16a AMS math features
\@mathmargin=\skip56

For additional information on amsmath, use the `?' option.
(D:\Programme\miktex\tex\latex\amsmath\amstext.sty
Package: amstext 2000/06/29 v2.01 AMS text

(D:\Programme\miktex\tex\latex\amsmath\amsgen.sty
File: amsgen.sty 1999/11/30 v2.0 generic functions
\@emptytoks=\toks22
\ex@=\dimen154
))
(D:\Programme\miktex\tex\latex\amsmath\amsbsy.sty
Package: amsbsy 1999/11/29 v1.2d Bold Symbols
\pmbraise@=\dimen155
)
(D:\Programme\miktex\tex\latex\amsmath\amsopn.sty
Package: amsopn 2016/03/08 v2.02 operator names
)
\inf@bad=\count120
LaTeX Info: Redefining \frac on input line 213.
\uproot@=\count121
\leftroot@=\count122
LaTeX Info: Redefining \overline on input line 375.
\classnum@=\count123
\DOTSCASE@=\count124
LaTeX Info: Redefining \ldots on input line 472.
LaTeX Info: Redefining \dots on input line 475.
LaTeX Info: Redefining \cdots on input line 596.
\Mathstrutbox@=\box62
\strutbox@=\box63
\big@size=\dimen156
LaTeX Font Info:    Redeclaring font encoding OML on input line 712.
LaTeX Font Info:    Redeclaring font encoding OMS on input line 713.
\macc@depth=\count125
\c@MaxMatrixCols=\count126
\dotsspace@=\muskip10
\c@parentequation=\count127
\dspbrk@lvl=\count128
\tag@help=\toks23
\row@=\count129
\column@=\count130
\maxfields@=\count131
\andhelp@=\toks24
\eqnshift@=\dimen157
\alignsep@=\dimen158
\tagshift@=\dimen159
\tagwidth@=\dimen160
\totwidth@=\dimen161
\lineht@=\dimen162
\@envbody=\toks25
\multlinegap=\skip57
\multlinetaggap=\skip58
\mathdisplay@stack=\toks26
LaTeX Info: Redefining \[ on input line 2817.
LaTeX Info: Redefining \] on input line 2818.
)
(D:\Programme\miktex\tex\latex\amsfonts\amssymb.sty
Package: amssymb 2013/01/14 v3.01 AMS font symbols

(D:\Programme\miktex\tex\latex\amsfonts\amsfonts.sty
Package: amsfonts 2013/01/14 v3.01 Basic AMSFonts support
\symAMSa=\mathgroup4
\symAMSb=\mathgroup5
LaTeX Font Info:    Overwriting math alphabet `\mathfrak' in version `bold'
(Font)                  U/euf/m/n --> U/euf/b/n on input line 106.
))
(D:\Programme\miktex\tex\latex\amscls\amsthm.sty
Package: amsthm 2015/03/04 v2.20.2
\thm@style=\toks27
\thm@bodyfont=\toks28
\thm@headfont=\toks29
\thm@notefont=\toks30
\thm@headpunct=\toks31
\thm@preskip=\skip59
\thm@postskip=\skip60
\thm@headsep=\skip61
\dth@everypar=\toks32
)
(D:\Programme\miktex\tex\latex\listings\listings.sty
\lst@mode=\count132
\lst@gtempboxa=\box64
\lst@token=\toks33
\lst@length=\count133
\lst@currlwidth=\dimen163
\lst@column=\count134
\lst@pos=\count135
\lst@lostspace=\dimen164
\lst@width=\dimen165
\lst@newlines=\count136
\lst@lineno=\count137
\lst@maxwidth=\dimen166

(D:\Programme\miktex\tex\latex\listings\lstmisc.sty
File: lstmisc.sty 2015/06/04 1.6 (Carsten Heinz)
\c@lstnumber=\count138
\lst@skipnumbers=\count139
\lst@framebox=\box65
)
(D:\Programme\miktex\tex\latex\listings\listings.cfg
File: listings.cfg 2015/06/04 1.6 listings configuration
))
Package: listings 2015/06/04 1.6 (Carsten Heinz)

(D:\Programme\miktex\tex\latex\url\url.sty
\Urlmuskip=\muskip11
Package: url 2013/09/16  ver 3.4  Verb mode for urls, etc.
)
(D:\Programme\miktex\tex\latex\hyperref\hyperref.sty
Package: hyperref 2017/03/14 v6.85a Hypertext links for LaTeX

(D:\Programme\miktex\tex\generic\oberdiek\hobsub-hyperref.sty
Package: hobsub-hyperref 2016/05/16 v1.14 Bundle oberdiek, subset hyperref (HO)


(D:\Programme\miktex\tex\generic\oberdiek\hobsub-generic.sty
Package: hobsub-generic 2016/05/16 v1.14 Bundle oberdiek, subset generic (HO)
Package: hobsub 2016/05/16 v1.14 Construct package bundles (HO)
Package hobsub Info: Skipping package `infwarerr' (already loaded).
Package hobsub Info: Skipping package `ltxcmds' (already loaded).
Package: ifluatex 2016/05/16 v1.4 Provides the ifluatex switch (HO)
Package ifluatex Info: LuaTeX not detected.
Package: ifvtex 2016/05/16 v1.6 Detect VTeX and its facilities (HO)
Package ifvtex Info: VTeX not detected.
Package: intcalc 2016/05/16 v1.2 Expandable calculations with integers (HO)
Package hobsub Info: Skipping package `ifpdf' (already loaded).
Package: etexcmds 2016/05/16 v1.6 Avoid name clashes with e-TeX commands (HO)
Package etexcmds Info: Could not find \expanded.
(etexcmds)             That can mean that you are not using pdfTeX 1.50 or
(etexcmds)             that some package has redefined \expanded.
(etexcmds)             In the latter case, load this package earlier.
Package: kvsetkeys 2016/05/16 v1.17 Key value parser (HO)
Package: kvdefinekeys 2016/05/16 v1.4 Define keys (HO)
Package: pdftexcmds 2017/03/19 v0.25 Utility functions of pdfTeX for LuaTeX (HO
)
Package pdftexcmds Info: LuaTeX not detected.
Package pdftexcmds Info: \pdf@primitive is available.
Package pdftexcmds Info: \pdf@ifprimitive is available.
Package pdftexcmds Info: \pdfdraftmode found.
Package: pdfescape 2016/05/16 v1.14 Implements pdfTeX's escape features (HO)
Package: bigintcalc 2016/05/16 v1.4 Expandable calculations on big integers (HO
)
Package: bitset 2016/05/16 v1.2 Handle bit-vector datatype (HO)
Package: uniquecounter 2016/05/16 v1.3 Provide unlimited unique counter (HO)
)
Package hobsub Info: Skipping package `hobsub' (already loaded).
Package: letltxmacro 2016/05/16 v1.5 Let assignment for LaTeX macros (HO)
Package: hopatch 2016/05/16 v1.3 Wrapper for package hooks (HO)
Package: xcolor-patch 2016/05/16 xcolor patch
Package: atveryend 2016/05/16 v1.9 Hooks at the very end of document (HO)
Package atveryend Info: \enddocument detected (standard20110627).
Package: atbegshi 2016/06/09 v1.18 At begin shipout hook (HO)
Package: refcount 2016/05/16 v3.5 Data extraction from label references (HO)
Package: hycolor 2016/05/16 v1.8 Color options for hyperref/bookmark (HO)
)
(D:\Programme\miktex\tex\latex\oberdiek\auxhook.sty
Package: auxhook 2016/05/16 v1.4 Hooks for auxiliary files (HO)
)
(D:\Programme\miktex\tex\latex\oberdiek\kvoptions.sty
Package: kvoptions 2016/05/16 v3.12 Key value format for package options (HO)
)
\@linkdim=\dimen167
\Hy@linkcounter=\count140
\Hy@pagecounter=\count141

(D:\Programme\miktex\tex\latex\hyperref\pd1enc.def
File: pd1enc.def 2017/03/14 v6.85a Hyperref: PDFDocEncoding definition (HO)
)
\Hy@SavedSpaceFactor=\count142

(D:\Programme\miktex\tex\latex\00miktex\hyperref.cfg
File: hyperref.cfg 2002/06/06 v1.2 hyperref configuration of TeXLive
)

Package hyperref Warning: Values of option `pdfpagemode':
(hyperref)                * `UseNone'
(hyperref)                * `UseOutlines'
(hyperref)                * `UseThumbs'
(hyperref)                * `FullScreen'
(hyperref)                * `UseOC' (PDF 1.5)
(hyperref)                * `UseAttachments' (PDF 1.6)
(hyperref)                * An empty value disables the option.
(hyperref)                Unknown value `None' on input line 4374.

Package hyperref Info: Option `colorlinks' set `true' on input line 4374.
Package hyperref Info: Option `plainpages' set `false' on input line 4374.
Package hyperref Info: Option `pdfpagelabels' set `true' on input line 4374.
Package hyperref Info: Option `unicode' set `true' on input line 4374.
(D:\Programme\miktex\tex\latex\hyperref\puenc.def
File: puenc.def 2017/03/14 v6.85a Hyperref: PDF Unicode definition (HO)
)
Package hyperref Info: Hyper figures OFF on input line 4498.
Package hyperref Info: Link nesting OFF on input line 4503.
Package hyperref Info: Hyper index ON on input line 4506.
Package hyperref Info: Plain pages OFF on input line 4513.
Package hyperref Info: Backreferencing OFF on input line 4518.
Package hyperref Info: Implicit mode ON; LaTeX internals redefined.
Package hyperref Info: Bookmarks ON on input line 4751.
\c@Hy@tempcnt=\count143
LaTeX Info: Redefining \url on input line 5104.
\XeTeXLinkMargin=\dimen168
\Fld@menulength=\count144
\Field@Width=\dimen169
\Fld@charsize=\dimen170
Package hyperref Info: Hyper figures OFF on input line 6358.
Package hyperref Info: Link nesting OFF on input line 6363.
Package hyperref Info: Hyper index ON on input line 6366.
Package hyperref Info: backreferencing OFF on input line 6373.
Package hyperref Info: Link coloring ON on input line 6376.
Package hyperref Info: Link coloring with OCG OFF on input line 6383.
Package hyperref Info: PDF/A mode OFF on input line 6388.
LaTeX Info: Redefining \ref on input line 6428.
LaTeX Info: Redefining \pageref on input line 6432.
\Hy@abspage=\count145
\c@Item=\count146
\c@Hfootnote=\count147
)

Package hyperref Message: Driver (autodetected): hpdftex.

(D:\Programme\miktex\tex\latex\hyperref\hpdftex.def
File: hpdftex.def 2017/03/14 v6.85a Hyperref driver for pdfTeX
\Fld@listcount=\count148
\c@bookmark@seq@number=\count149

(D:\Programme\miktex\tex\latex\oberdiek\rerunfilecheck.sty
Package: rerunfilecheck 2016/05/16 v1.8 Rerun checks for auxiliary files (HO)
Package uniquecounter Info: New unique counter `rerunfilecheck' on input line 2
82.
)
\Hy@SectionHShift=\skip62
)

Package hyperref Warning: Option `pdftex' has already been used,
(hyperref)                setting the option has no effect on input line 181.

Package hyperref Info: Option `colorlinks' set `true' on input line 181.
Package hyperref Info: Option `breaklinks' set `true' on input line 181.

Package hyperref Warning: Option `pagecolor' is not available anymore.

(D:\Programme\miktex\tex\latex\comment\comment.sty
\CommentStream=\write3
 Excluding comment 'comment') (D:\Programme\miktex\tex\latex\blindtext\blindtex
t.sty
Package: blindtext 2012/01/06 V2.0 blindtext-Package

(D:\Programme\miktex\tex\latex\tools\xspace.sty
Package: xspace 2014/10/28 v1.13 Space after command names (DPC,MH)
)
\c@blindtext=\count150
\c@Blindtext=\count151
\c@blind@countparstart=\count152
\blind@countxx=\count153
\blindtext@numBlindtext=\count154
\blind@countyy=\count155
\c@blindlist=\count156
\c@blindlistlevel=\count157
\c@blindlist@level=\count158
\blind@listitem=\count159
\c@blind@listcount=\count160
\c@blind@levelcount=\count161
\blind@mathformula=\count162
\blind@Mathformula=\count163
\c@blind@randomcount=\count164
\c@blind@randommax=\count165
\c@blind@pangramcount=\count166
\c@blind@pangrammax=\count167
)
(D:\Programme\miktex\tex\latex\filecontents\filecontents.sty
Package: filecontents 2011/10/08 v1.3 Create an external file from within a LaT
eX document
)
\c@paranum=\count168

(D:\Programme\miktex\tex\latex\acronym\acronym.sty
Package: acronym 2015/03/21 v1.41 Support for acronyms (Tobias Oetiker)

(D:\Programme\miktex\tex\latex\bigfoot\suffix.sty
Package: suffix 2006/07/15 1.5a Variant command support
)
(D:\Programme\miktex\tex\latex\xstring\xstring.sty
(D:\Programme\miktex\tex\generic\xstring\xstring.tex
\@xs@message=\write4
\integerpart=\count169
\decimalpart=\count170
)
Package: xstring 2013/10/13  v1.7c  String manipulations (C Tellechea)
)
\AC@clearlist=\toks34
)
(D:\Programme\miktex\tex\latex\appendix\appendix.sty
Package: appendix 2009/09/02 v1.2b extra appendix facilities
\c@@pps=\count171
\c@@ppsavesec=\count172
\c@@ppsaveapp=\count173
)
(D:\Programme\miktex\tex\latex\biblatex\biblatex.sty
Package: biblatex 2016/12/05 v3.7 programmable bibliographies (PK/JW/AB)

(D:\Programme\miktex\tex\latex\etoolbox\etoolbox.sty
Package: etoolbox 2017/01/02 v2.4 e-TeX tools for LaTeX (JAW)
\etb@tempcnta=\count174
)
(D:\Programme\miktex\tex\latex\logreq\logreq.sty
Package: logreq 2010/08/04 v1.0 xml request logger
\lrq@indent=\count175

(D:\Programme\miktex\tex\latex\logreq\logreq.def
File: logreq.def 2010/08/04 v1.0 logreq spec v1.0
))
\c@tabx@nest=\count176
\c@listtotal=\count177
\c@listcount=\count178
\c@liststart=\count179
\c@liststop=\count180
\c@citecount=\count181
\c@citetotal=\count182
\c@multicitecount=\count183
\c@multicitetotal=\count184
\c@instcount=\count185
\c@maxnames=\count186
\c@minnames=\count187
\c@maxitems=\count188
\c@minitems=\count189
\c@citecounter=\count190
\c@savedcitecounter=\count191
\c@uniquelist=\count192
\c@uniquename=\count193
\c@refsection=\count194
\c@refsegment=\count195
\c@maxextratitle=\count196
\c@maxextratitleyear=\count197
\c@maxextrayear=\count198
\c@maxextraalpha=\count199
\c@abbrvpenalty=\count266
\c@highnamepenalty=\count267
\c@lownamepenalty=\count268
\c@maxparens=\count269
\c@parenlevel=\count270
\blx@tempcnta=\count271
\blx@tempcntb=\count272
\blx@tempcntc=\count273
\blx@maxsection=\count274
\blx@maxsegment@0=\count275
\blx@notetype=\count276
\blx@parenlevel@text=\count277
\blx@parenlevel@foot=\count278
\blx@sectionciteorder@0=\count279
\labelnumberwidth=\skip63
\labelalphawidth=\skip64
\biblabelsep=\skip65
\bibitemsep=\skip66
\bibnamesep=\skip67
\bibinitsep=\skip68
\bibparsep=\skip69
\bibhang=\skip70
\blx@bcfin=\read1
\blx@bcfout=\write5
\c@mincomprange=\count280
\c@maxcomprange=\count281
\c@mincompwidth=\count282
Package biblatex Info: Trying to load biblatex default data model...
Package biblatex Info: ... file 'blx-dm.def' found.

(D:\Programme\miktex\tex\latex\biblatex\blx-dm.def)
Package biblatex Info: Trying to load biblatex style data model...
Package biblatex Info: ... file 'numeric.dbx' not found.
Package biblatex Info: Trying to load biblatex custom data model...
Package biblatex Info: ... file 'biblatex-dm.cfg' not found.
\c@afterword=\count283
\c@savedafterword=\count284
\c@annotator=\count285
\c@savedannotator=\count286
\c@author=\count287
\c@savedauthor=\count288
\c@bookauthor=\count289
\c@savedbookauthor=\count290
\c@commentator=\count291
\c@savedcommentator=\count292
\c@editor=\count293
\c@savededitor=\count294
\c@editora=\count295
\c@savededitora=\count296
\c@editorb=\count297
\c@savededitorb=\count298
\c@editorc=\count299
\c@savededitorc=\count300
\c@foreword=\count301
\c@savedforeword=\count302
\c@holder=\count303
\c@savedholder=\count304
\c@introduction=\count305
\c@savedintroduction=\count306
\c@namea=\count307
\c@savednamea=\count308
\c@nameb=\count309
\c@savednameb=\count310
\c@namec=\count311
\c@savednamec=\count312
\c@translator=\count313
\c@savedtranslator=\count314
\c@shortauthor=\count315
\c@savedshortauthor=\count316
\c@shorteditor=\count317
\c@savedshorteditor=\count318
\c@labelname=\count319
\c@savedlabelname=\count320
\c@institution=\count321
\c@savedinstitution=\count322
\c@lista=\count323
\c@savedlista=\count324
\c@listb=\count325
\c@savedlistb=\count326
\c@listc=\count327
\c@savedlistc=\count328
\c@listd=\count329
\c@savedlistd=\count330
\c@liste=\count331
\c@savedliste=\count332
\c@listf=\count333
\c@savedlistf=\count334
\c@location=\count335
\c@savedlocation=\count336
\c@organization=\count337
\c@savedorganization=\count338
\c@origlocation=\count339
\c@savedoriglocation=\count340
\c@origpublisher=\count341
\c@savedorigpublisher=\count342
\c@publisher=\count343
\c@savedpublisher=\count344
\c@language=\count345
\c@savedlanguage=\count346
\c@pageref=\count347
\c@savedpageref=\count348
\shorthandwidth=\skip71
\shortjournalwidth=\skip72
\shortserieswidth=\skip73
\shorttitlewidth=\skip74
\shortauthorwidth=\skip75
\shorteditorwidth=\skip76
Package biblatex Info: Trying to load compatibility code...
Package biblatex Info: ... file 'blx-compat.def' found.

(D:\Programme\miktex\tex\latex\biblatex\blx-compat.def
File: blx-compat.def 2016/12/05 v3.7 biblatex compatibility (PK/JW/AB)
)
Package biblatex Info: Trying to load generic definitions...
Package biblatex Info: ... file 'biblatex.def' found.

(D:\Programme\miktex\tex\latex\biblatex\biblatex.def
File: biblatex.def 2016/12/05 v3.7 biblatex compatibility (PK/JW/AB)
\c@textcitecount=\count349
\c@textcitetotal=\count350
\c@textcitemaxnames=\count351
\c@biburlnumpenalty=\count352
\c@biburlucpenalty=\count353
\c@biburllcpenalty=\count354
\c@smartand=\count355
)
Package biblatex Info: Trying to load bibliography style 'numeric'...
Package biblatex Info: ... file 'numeric.bbx' found.

(D:\Programme\miktex\tex\latex\biblatex\bbx\numeric.bbx
File: numeric.bbx 2016/12/05 v3.7 biblatex bibliography style (PK/JW/AB)
Package biblatex Info: Trying to load bibliography style 'standard'...
Package biblatex Info: ... file 'standard.bbx' found.

(D:\Programme\miktex\tex\latex\biblatex\bbx\standard.bbx
File: standard.bbx 2016/12/05 v3.7 biblatex bibliography style (PK/JW/AB)
\c@bbx:relatedcount=\count356
\c@bbx:relatedtotal=\count357
))
Package biblatex Info: Trying to load citation style 'numeric-comp'...
Package biblatex Info: ... file 'numeric-comp.cbx' found.

(D:\Programme\miktex\tex\latex\biblatex\cbx\numeric-comp.cbx
File: numeric-comp.cbx 2016/12/05 v3.7 biblatex citation style (PK/JW/AB)
\c@cbx@tempcnta=\count358
\c@cbx@tempcntb=\count359
Package biblatex Info: Redefining '\cite'.
Package biblatex Info: Redefining '\parencite'.
Package biblatex Info: Redefining '\footcite'.
Package biblatex Info: Redefining '\footcitetext'.
Package biblatex Info: Redefining '\smartcite'.
Package biblatex Info: Redefining '\supercite'.
Package biblatex Info: Redefining '\textcite'.
Package biblatex Info: Redefining '\textcites'.
Package biblatex Info: Redefining '\cites'.
Package biblatex Info: Redefining '\parencites'.
Package biblatex Info: Redefining '\smartcites'.
)
Package biblatex Info: Trying to load configuration file...
Package biblatex Info: ... file 'biblatex.cfg' found.

(D:\Programme\miktex\tex\latex\biblatex\biblatex.cfg
File: biblatex.cfg 
))
Package biblatex Info: Trying to load language 'british'...
Package biblatex Info: ... file 'british.lbx' found.

(D:\Programme\miktex\tex\latex\biblatex\lbx\british.lbx
File: british.lbx 2016/12/05 v3.7 biblatex localization (PK/JW/AB)
Package biblatex Info: Trying to load language 'english'...
Package biblatex Info: ... file 'english.lbx' found.

(D:\Programme\miktex\tex\latex\biblatex\lbx\english.lbx
File: english.lbx 2016/12/05 v3.7 biblatex localization (PK/JW/AB)
))

Package biblatex Warning: 'babel/polyglossia' detected but 'csquotes' missing.
(biblatex)                Loading 'csquotes' recommended.

\@quotelevel=\count360
\@quotereset=\count361
(thesis.aux)
\openout1 = `thesis.aux'.

LaTeX Font Info:    Checking defaults for OML/cmm/m/it on input line 247.
LaTeX Font Info:    ... okay on input line 247.
LaTeX Font Info:    Checking defaults for T1/cmr/m/n on input line 247.
LaTeX Font Info:    ... okay on input line 247.
LaTeX Font Info:    Checking defaults for OT1/cmr/m/n on input line 247.
LaTeX Font Info:    ... okay on input line 247.
LaTeX Font Info:    Checking defaults for OMS/cmsy/m/n on input line 247.
LaTeX Font Info:    ... okay on input line 247.
LaTeX Font Info:    Checking defaults for OMX/cmex/m/n on input line 247.
LaTeX Font Info:    ... okay on input line 247.
LaTeX Font Info:    Checking defaults for U/cmr/m/n on input line 247.
LaTeX Font Info:    ... okay on input line 247.
LaTeX Font Info:    Checking defaults for LGR/cmr/m/n on input line 247.
LaTeX Font Info:    Try loading font information for LGR+cmr on input line 247.

 (D:\Programme\miktex\tex\latex\cbfonts-fd\lgrcmr.fd
File: lgrcmr.fd 2016/03/04 v1.1 Greek European Computer Regular
)
LaTeX Font Info:    ... okay on input line 247.
LaTeX Font Info:    Checking defaults for TS1/cmr/m/n on input line 247.
LaTeX Font Info:    Try loading font information for TS1+cmr on input line 247.


(D:\Programme\miktex\tex\latex\base\ts1cmr.fd
File: ts1cmr.fd 2014/09/29 v2.5h Standard LaTeX font definitions
)
LaTeX Font Info:    ... okay on input line 247.
LaTeX Font Info:    Checking defaults for PD1/pdf/m/n on input line 247.
LaTeX Font Info:    ... okay on input line 247.
LaTeX Font Info:    Checking defaults for PU/pdf/m/n on input line 247.
LaTeX Font Info:    ... okay on input line 247.

(D:\Programme\miktex\tex\context\base\supp-pdf.mkii
[Loading MPS to PDF converter (version 2006.09.02).]
\scratchcounter=\count362
\scratchdimen=\dimen171
\scratchbox=\box66
\nofMPsegments=\count363
\nofMParguments=\count364
\everyMPshowfont=\toks35
\MPscratchCnt=\count365
\MPscratchDim=\dimen172
\MPnumerator=\count366
\makeMPintoPDFobject=\count367
\everyMPtoPDFconversion=\toks36
) (D:\Programme\miktex\tex\latex\oberdiek\epstopdf-base.sty
Package: epstopdf-base 2016/05/15 v2.6 Base part for package epstopdf

(D:\Programme\miktex\tex\latex\oberdiek\grfext.sty
Package: grfext 2016/05/16 v1.2 Manage graphics extensions (HO)
)
Package epstopdf-base Info: Redefining graphics rule for `.eps' on input line 4
38.
Package grfext Info: Graphics extension search list:
(grfext)             [.png,.pdf,.jpg,.mps,.jpeg,.jbig2,.jb2,.PNG,.PDF,.JPG,.JPE
G,.JBIG2,.JB2,.eps]
(grfext)             \AppendGraphicsExtensions on input line 456.
)
Package caption Info: Begin \AtBeginDocument code.
Package caption Info: hyperref package is loaded.
Package caption Info: listings package is loaded.
Package caption Info: longtable package is loaded.

(D:\Programme\miktex\tex\latex\caption\ltcaption.sty
Package: ltcaption 2013/06/09 v1.4-94 longtable captions (AR)
)
Package caption Info: threeparttable package is loaded.
Package caption Info: End \AtBeginDocument code.
\c@lstlisting=\count368
\AtBeginShipoutBox=\box67
Package hyperref Info: Link coloring ON on input line 247.

(D:\Programme\miktex\tex\latex\hyperref\nameref.sty
Package: nameref 2016/05/21 v2.44 Cross-referencing by name of section

(D:\Programme\miktex\tex\generic\oberdiek\gettitlestring.sty
Package: gettitlestring 2016/05/16 v1.5 Cleanup title references (HO)
)
\c@section@level=\count369
)
LaTeX Info: Redefining \ref on input line 247.
LaTeX Info: Redefining \pageref on input line 247.
LaTeX Info: Redefining \nameref on input line 247.
 (thesis.out)
(thesis.out)
\@outlinefile=\write6
\openout6 = `thesis.out'.

Package biblatex Info: No input encoding detected.
(biblatex)             Assuming 'ascii'.
Package biblatex Info: Automatic encoding selection.
(biblatex)             Assuming data encoding 'ascii'.
\openout5 = `thesis.bcf'.

Package biblatex Info: Trying to load bibliographic data...
Package biblatex Info: ... file 'thesis.bbl' found.
 (thesis.bbl

Package biblatex Warning: The following entry could not be found
(biblatex)                in the database:
(biblatex)                Shilpa
(biblatex)                Please verify the spelling and rerun
(biblatex)                LaTeX afterwards.

)
Package biblatex Info: Reference section=0 on input line 247.
Package biblatex Info: Reference segment=0 on input line 247.
 (pre/title.tex <images/uds.png, id=58, 72.27pt x 80.7015pt>
File: images/uds.png Graphic file (type png)

<use images/uds.png>
Package pdftex.def Info: images/uds.png used on input line 12.
(pdftex.def)             Requested size: 56.9055pt x 63.54414pt.
LaTeX Font Info:    Try loading font information for U+msa on input line 36.
 (D:\Programme\miktex\tex\latex\amsfonts\umsa.fd
File: umsa.fd 2013/01/14 v3.01 AMS symbols A
)
LaTeX Font Info:    Try loading font information for U+msb on input line 36.

(D:\Programme\miktex\tex\latex\amsfonts\umsb.fd
File: umsb.fd 2013/01/14 v3.01 AMS symbols B
)
Overfull \hbox (15.0pt too wide) in paragraph at lines 4--37
[]$[]$ 
 []

<images/zbi.png, id=59, 593.21625pt x 164.615pt>
File: images/zbi.png Graphic file (type png)
 <use images/zbi.png>
Package pdftex.def Info: images/zbi.png used on input line 60.
(pdftex.def)             Requested size: 170.71652pt x 47.37291pt.

Overfull \hbox (15.0pt too wide) in paragraph at lines 38--65
[]$[]$ 
 []

[1


{C:/Users/Andrea/AppData/Local/MiKTeX/2.9/pdftex/config/pdftex.map} <./images/u
ds.png> <./images/zbi.png>]) (pre/declaration.tex
Underfull \hbox (badness 10000) in paragraph at lines 7--13

 []

[2] [1]) (pre/abstract.tex [2] [3]) (pre/acknowledge.tex)
Underfull \hbox (badness 10000) in paragraph at lines 2--260

 []


Underfull \hbox (badness 10000) in paragraph at lines 2--260

 []

[4] (thesis.toc)
\tf@toc=\write7
\openout7 = `thesis.toc'.

 [5

] [6

] (thesis.lot)
\tf@lot=\write8
\openout8 = `thesis.lot'.

 [7] [8

] (thesis.lof)
\tf@lof=\write9
\openout9 = `thesis.lof'.

 [9] [10

]
(pre/abbreviations.tex) [11

] [12

] (main/intro.tex
Chapter 1.
Package acronym Info: Label `acro:SNP' newly defined as it shall be overridden
although it is yet undefined on input line 8.

Underfull \vbox (badness 1189) has occurred while \output is active []

 [1

]
Package acronym Info: Label `acro:DNA' newly defined as it shall be overridden
although it is yet undefined on input line 18.
Package acronym Info: Label `acro:dNTP' newly defined as it shall be overridden

although it is yet undefined on input line 20.
Package acronym Info: Label `acro:MEC' newly defined as it shall be overridden
although it is yet undefined on input line 27.

[2]
Package acronym Info: Label `acro:wMEC' newly defined as it shall be overridden

although it is yet undefined on input line 43.
 [3]
Underfull \hbox (badness 10000) in paragraph at lines 65--69

 []

[4]
Underfull \hbox (badness 10000) in paragraph at lines 79--84

 []


Overfull \hbox (2.88954pt too wide) in paragraph at lines 87--91
\OT1/cmr/m/n/10 The bad cov-er-age of vari-ant po-s-i-tions are based of the ha
p-lo-type phas-ing strategy.
 []

[5]) (main/newRS.tex [6]
Chapter 2.
Package acronym Info: Label `acro:VCF' newly defined as it shall be overridden
although it is yet undefined on input line 5.
Package acronym Info: Label `acro:BAM' newly defined as it shall be overridden
although it is yet undefined on input line 5.
) (main/evaluation.tex [7

] [8

]
Chapter 3.
) (main/discussion.tex [9] [10

]
Chapter 4.
) (post/appendix.tex [11] [12

]
Appendix A.
) [13] [14

]
Overfull \hbox (5.39665pt too wide) in paragraph at lines 285--285
\OT1/cmr/m/n/10 meth-ods and ap-plic-a-tions''. In: \OT1/cmr/m/it/10 Nature Re-
views Ge-net-ics \OT1/cmr/m/n/10 16 (2015), pp. 344{
 []


Overfull \hbox (0.65721pt too wide) in paragraph at lines 285--285
[]\OT1/cmr/m/n/10 S. O. Fisc-her and T. Marschall. ``Se-lect-ing Reads for Hap-
lo-type As-sembly''.
 []

Package atveryend Info: Empty hook `BeforeClearDocument' on input line 287.
[15

]
Package atveryend Info: Empty hook `AfterLastShipout' on input line 287.
 (thesis.aux)
Package atveryend Info: Executing hook `AtVeryEndDocument' on input line 287.
Package atveryend Info: Executing hook `AtEndAfterFileList' on input line 287.


Package rerunfilecheck Warning: File `thesis.out' has changed.
(rerunfilecheck)                Rerun to get outlines right
(rerunfilecheck)                or use package `bookmark'.

Package rerunfilecheck Info: Checksums for `thesis.out':
(rerunfilecheck)             Before: 1F2E8F929DA5DAC0EBEE17B569AE7B87;1588
(rerunfilecheck)             After:  92D6656B47BF1A9F6AF6B8E25FF781DE;1811.

LaTeX Warning: Label(s) may have changed. Rerun to get cross-references right.

Package logreq Info: Writing requests to 'thesis.run.xml'.
\openout1 = `thesis.run.xml'.

Package atveryend Info: Empty hook `AtVeryVeryEnd' on input line 287.
 ) 
Here is how much of TeX's memory you used:
 21287 strings out of 493323
 331956 string characters out of 3142538
 780313 words of memory out of 3000000
 24430 multiletter control sequences out of 15000+200000
 12836 words of font info for 48 fonts, out of 3000000 for 9000
 1141 hyphenation exceptions out of 8191
 45i,7n,45p,1557b,1688s stack positions out of 5000i,500n,10000p,200000b,50000s
pdfTeX warning (dest): name{BAM} has been referenced but does not exist, repl
aced by a fixed one

<D:/Programme/miktex/fonts/type1/public/amsfonts/cm/cmbx10.pfb><D:/Programme/mi
ktex/fonts/type1/public/amsfonts/cm/cmbx12.pfb><D:/Programme/miktex/fonts/type1
/public/amsfonts/cm/cmbxti10.pfb><D:/Programme/miktex/fonts/type1/public/amsfon
ts/cm/cmcsc10.pfb><D:/Programme/miktex/fonts/type1/public/amsfonts/cm/cmex10.pf
b><D:/Programme/miktex/fonts/type1/public/amsfonts/cm/cmmi10.pfb><D:/Programme/
miktex/fonts/type1/public/amsfonts/cm/cmmi5.pfb><D:/Programme/miktex/fonts/type
1/public/amsfonts/cm/cmmi7.pfb><D:/Programme/miktex/fonts/type1/public/amsfonts
/cm/cmr10.pfb><D:/Programme/miktex/fonts/type1/public/amsfonts/cm/cmr12.pfb><D:
/Programme/miktex/fonts/type1/public/amsfonts/cm/cmr5.pfb><D:/Programme/miktex/
fonts/type1/public/amsfonts/cm/cmr7.pfb><D:/Programme/miktex/fonts/type1/public
/amsfonts/cm/cmsl10.pfb><D:/Programme/miktex/fonts/type1/public/amsfonts/cm/cms
s9.pfb><D:/Programme/miktex/fonts/type1/public/amsfonts/cm/cmsy10.pfb><D:/Progr
amme/miktex/fonts/type1/public/amsfonts/cm/cmsy5.pfb><D:/Programme/miktex/fonts
/type1/public/amsfonts/cm/cmsy7.pfb><D:/Programme/miktex/fonts/type1/public/ams
fonts/cm/cmti10.pfb>
Output written on thesis.pdf (29 pages, 404516 bytes).
PDF statistics:
 398 PDF objects out of 1000 (max. 8388607)
 84 named destinations out of 1000 (max. 500000)
 123 words of extra memory for PDF output out of 10000 (max. 10000000)

